07-Mar-2019 08:56:43.421 INFO [http-nio-8080-exec-326] org.apache.catalina.core.StandardContext.reload Reloading Context with name [/javaee] has started
07-Mar-2019 08:56:43.643 INFO [http-nio-8080-exec-326] org.apache.catalina.core.StandardContext.reload Reloading Context with name [/javaee] is completed
07-Mar-2019 09:00:00.098 INFO [http-nio-8080-exec-334] org.apache.catalina.core.StandardContext.reload Reloading Context with name [/javaee] has started
07-Mar-2019 09:00:00.196 INFO [http-nio-8080-exec-334] org.apache.catalina.core.StandardContext.reload Reloading Context with name [/javaee] is completed
07-Mar-2019 09:03:03.550 INFO [http-nio-8080-exec-341] org.apache.catalina.core.StandardContext.reload Reloading Context with name [/javaee] has started
07-Mar-2019 09:03:03.634 INFO [http-nio-8080-exec-341] org.apache.catalina.core.StandardContext.reload Reloading Context with name [/javaee] is completed
07-Mar-2019 09:05:28.894 INFO [http-nio-8080-exec-325] org.apache.catalina.core.StandardContext.reload Reloading Context with name [/javaee] has started
07-Mar-2019 09:05:28.969 INFO [http-nio-8080-exec-325] org.apache.catalina.core.StandardContext.reload Reloading Context with name [/javaee] is completed
07-Mar-2019 09:06:37.776 INFO [http-nio-8080-exec-341] org.apache.catalina.core.StandardContext.reload Reloading Context with name [/javaee] has started
07-Mar-2019 09:06:37.842 INFO [http-nio-8080-exec-341] org.apache.catalina.core.StandardContext.reload Reloading Context with name [/javaee] is completed
07-Mar-2019 09:27:30.339 INFO [http-nio-8080-exec-349] org.apache.catalina.core.StandardContext.reload Reloading Context with name [/javaee] has started
07-Mar-2019 09:27:30.343 WARNING [http-nio-8080-exec-349] org.apache.catalina.loader.WebappClassLoaderBase.clearReferencesJdbc The web application [javaee] registered the JDBC driver [com.mysql.jdbc.Driver] but failed to unregister it when the web application was stopped. To prevent a memory leak, the JDBC Driver has been forcibly unregistered.
07-Mar-2019 09:27:30.419 INFO [http-nio-8080-exec-349] org.apache.catalina.core.StandardContext.reload Reloading Context with name [/javaee] is completed
07-Mar-2019 09:27:30.434 INFO [http-nio-8080-exec-347] org.apache.catalina.core.StandardContext.reload Reloading Context with name [/javaee] has started
07-Mar-2019 09:27:30.503 INFO [http-nio-8080-exec-347] org.apache.catalina.core.StandardContext.reload Reloading Context with name [/javaee] is completed
07-Mar-2019 09:27:43.398 INFO [http-nio-8080-exec-348] org.apache.catalina.core.StandardContext.reload Reloading Context with name [/javaee] has started
07-Mar-2019 09:27:43.473 INFO [http-nio-8080-exec-348] org.apache.catalina.core.StandardContext.reload Reloading Context with name [/javaee] is completed
07-Mar-2019 09:27:43.491 INFO [http-nio-8080-exec-353] org.apache.catalina.core.StandardContext.reload Reloading Context with name [/javaee] has started
07-Mar-2019 09:27:43.561 INFO [http-nio-8080-exec-353] org.apache.catalina.core.StandardContext.reload Reloading Context with name [/javaee] is completed
07-Mar-2019 09:28:52.392 INFO [http-nio-8080-exec-352] org.apache.catalina.core.StandardContext.reload Reloading Context with name [/javaee] has started
07-Mar-2019 09:28:52.467 INFO [http-nio-8080-exec-352] org.apache.catalina.core.StandardContext.reload Reloading Context with name [/javaee] is completed
07-Mar-2019 09:29:45.784 INFO [http-nio-8080-exec-356] org.apache.catalina.core.StandardContext.reload Reloading Context with name [/javaee] has started
07-Mar-2019 09:29:45.860 INFO [http-nio-8080-exec-356] org.apache.catalina.core.StandardContext.reload Reloading Context with name [/javaee] is completed
07-Mar-2019 09:30:24.248 INFO [http-nio-8080-exec-353] org.apache.catalina.core.StandardContext.reload Reloading Context with name [/javaee] has started
07-Mar-2019 09:30:24.330 INFO [http-nio-8080-exec-353] org.apache.catalina.core.StandardContext.reload Reloading Context with name [/javaee] is completed
07-Mar-2019 09:37:45.867 INFO [http-nio-8080-exec-366] org.apache.catalina.core.StandardContext.reload Reloading Context with name [/javaee] has started
07-Mar-2019 09:37:45.966 INFO [http-nio-8080-exec-366] org.apache.catalina.core.StandardContext.reload Reloading Context with name [/javaee] is completed
07-Mar-2019 09:38:22.846 INFO [http-nio-8080-exec-364] org.apache.catalina.core.StandardContext.reload Reloading Context with name [/javaee] has started
07-Mar-2019 09:38:22.934 INFO [http-nio-8080-exec-364] org.apache.catalina.core.StandardContext.reload Reloading Context with name [/javaee] is completed
07-Mar-2019 11:07:54.193 INFO [http-nio-8080-exec-379] org.apache.catalina.startup.HostConfig.deployDescriptor Deploying configuration descriptor [C:\apache-tomcat-9.0.0.M26\conf\Catalina\localhost\pms.xml]
07-Mar-2019 11:07:54.209 INFO [http-nio-8080-exec-379] org.apache.catalina.startup.HostConfig.deployDescriptor Deployment of configuration descriptor [C:\apache-tomcat-9.0.0.M26\conf\Catalina\localhost\pms.xml] has finished in [15] ms
07-Mar-2019 11:07:54.212 INFO [http-nio-8080-exec-375] org.apache.catalina.util.LifecycleBase.start The start() method was called on component [StandardEngine[Catalina].StandardHost[localhost].StandardContext[/pms]] after start() had already been called. The second call will be ignored.
07-Mar-2019 11:24:33.625 INFO [http-nio-8080-exec-376] org.apache.catalina.core.StandardContext.reload Reloading Context with name [/pms] has started
07-Mar-2019 11:24:33.652 INFO [http-nio-8080-exec-376] org.apache.catalina.core.StandardContext.reload Reloading Context with name [/pms] is completed
07-Mar-2019 11:27:55.194 INFO [http-nio-8080-exec-387] org.apache.catalina.core.StandardContext.reload Reloading Context with name [/pms] has started
07-Mar-2019 11:27:55.210 INFO [http-nio-8080-exec-387] org.apache.catalina.core.StandardContext.reload Reloading Context with name [/pms] is completed
07-Mar-2019 11:28:50.865 INFO [http-nio-8080-exec-378] org.apache.catalina.core.StandardContext.reload Reloading Context with name [/pms] has started
07-Mar-2019 11:28:50.882 INFO [http-nio-8080-exec-378] org.apache.catalina.core.StandardContext.reload Reloading Context with name [/pms] is completed
07-Mar-2019 11:29:56.867 INFO [http-nio-8080-exec-385] org.apache.catalina.core.StandardContext.reload Reloading Context with name [/pms] has started
07-Mar-2019 11:29:56.888 INFO [http-nio-8080-exec-385] org.apache.catalina.core.StandardContext.reload Reloading Context with name [/pms] is completed
07-Mar-2019 11:31:05.840 INFO [http-nio-8080-exec-386] org.apache.catalina.core.StandardContext.reload Reloading Context with name [/pms] has started
07-Mar-2019 11:31:05.867 INFO [http-nio-8080-exec-386] org.apache.catalina.core.StandardContext.reload Reloading Context with name [/pms] is completed
07-Mar-2019 11:36:40.131 INFO [http-nio-8080-exec-396] org.apache.catalina.core.StandardContext.reload Reloading Context with name [/pms] has started
07-Mar-2019 11:36:40.157 INFO [http-nio-8080-exec-396] org.apache.catalina.core.StandardContext.reload Reloading Context with name [/pms] is completed
07-Mar-2019 11:41:48.304 INFO [http-nio-8080-exec-402] org.apache.catalina.core.StandardContext.reload Reloading Context with name [/pms] has started
07-Mar-2019 11:41:48.333 INFO [http-nio-8080-exec-402] org.apache.catalina.core.StandardContext.reload Reloading Context with name [/pms] is completed
07-Mar-2019 11:42:04.295 INFO [http-nio-8080-exec-398] org.apache.catalina.core.StandardContext.reload Reloading Context with name [/pms] has started
07-Mar-2019 11:42:04.313 INFO [http-nio-8080-exec-398] org.apache.catalina.core.StandardContext.reload Reloading Context with name [/pms] is completed
07-Mar-2019 11:42:25.085 INFO [http-nio-8080-exec-400] org.apache.catalina.core.StandardContext.reload Reloading Context with name [/pms] has started
07-Mar-2019 11:42:25.104 INFO [http-nio-8080-exec-400] org.apache.catalina.core.StandardContext.reload Reloading Context with name [/pms] is completed
07-Mar-2019 11:45:02.187 INFO [http-nio-8080-exec-399] org.apache.catalina.core.StandardContext.reload Reloading Context with name [/pms] has started
07-Mar-2019 11:45:02.200 INFO [http-nio-8080-exec-399] org.apache.catalina.core.StandardContext.reload Reloading Context with name [/pms] is completed
07-Mar-2019 11:49:11.798 INFO [http-nio-8080-exec-412] org.apache.catalina.core.StandardContext.reload Reloading Context with name [/pms] has started
07-Mar-2019 11:49:11.873 INFO [http-nio-8080-exec-412] org.apache.catalina.core.StandardContext.reload Reloading Context with name [/pms] is completed
07-Mar-2019 11:50:05.656 INFO [http-nio-8080-exec-394] org.apache.catalina.core.StandardContext.reload Reloading Context with name [/pms] has started
07-Mar-2019 11:50:05.746 INFO [http-nio-8080-exec-394] org.apache.catalina.core.StandardContext.reload Reloading Context with name [/pms] is completed
07-Mar-2019 11:51:47.952 INFO [http-nio-8080-exec-415] org.apache.catalina.core.StandardContext.reload Reloading Context with name [/pms] has started
07-Mar-2019 11:51:48.020 INFO [http-nio-8080-exec-415] org.apache.catalina.core.StandardContext.reload Reloading Context with name [/pms] is completed
07-Mar-2019 11:59:36.752 INFO [http-nio-8080-exec-420] org.apache.catalina.core.StandardContext.reload Reloading Context with name [/pms] has started
07-Mar-2019 11:59:36.823 INFO [http-nio-8080-exec-420] org.apache.catalina.core.StandardContext.reload Reloading Context with name [/pms] is completed
07-Mar-2019 11:59:36.843 INFO [http-nio-8080-exec-413] org.apache.catalina.core.StandardContext.reload Reloading Context with name [/pms] has started
07-Mar-2019 11:59:36.899 INFO [http-nio-8080-exec-413] org.apache.catalina.core.StandardContext.reload Reloading Context with name [/pms] is completed
07-Mar-2019 12:01:57.161 INFO [http-nio-8080-exec-428] org.apache.catalina.core.StandardContext.reload Reloading Context with name [/pms] has started
07-Mar-2019 12:01:57.243 INFO [http-nio-8080-exec-428] org.apache.catalina.core.StandardContext.reload Reloading Context with name [/pms] is completed
07-Mar-2019 12:05:32.787 INFO [http-nio-8080-exec-432] org.apache.catalina.core.StandardContext.reload Reloading Context with name [/pms] has started
07-Mar-2019 12:05:32.871 INFO [http-nio-8080-exec-432] org.apache.catalina.core.StandardContext.reload Reloading Context with name [/pms] is completed
07-Mar-2019 12:06:11.029 INFO [http-nio-8080-exec-431] org.apache.catalina.core.StandardContext.reload Reloading Context with name [/pms] has started
07-Mar-2019 12:06:11.127 INFO [http-nio-8080-exec-431] org.apache.catalina.core.StandardContext.reload Reloading Context with name [/pms] is completed
07-Mar-2019 12:07:01.357 INFO [http-nio-8080-exec-419] org.apache.catalina.core.StandardContext.reload Reloading Context with name [/pms] has started
07-Mar-2019 12:07:01.435 INFO [http-nio-8080-exec-419] org.apache.catalina.core.StandardContext.reload Reloading Context with name [/pms] is completed
07-Mar-2019 12:07:20.324 INFO [http-nio-8080-exec-429] org.apache.catalina.core.StandardContext.reload Reloading Context with name [/pms] has started
07-Mar-2019 12:07:20.389 INFO [http-nio-8080-exec-429] org.apache.catalina.core.StandardContext.reload Reloading Context with name [/pms] is completed
07-Mar-2019 12:10:36.551 INFO [http-nio-8080-exec-439] org.apache.catalina.core.StandardContext.reload Reloading Context with name [/pms] has started
07-Mar-2019 12:10:36.631 INFO [http-nio-8080-exec-439] org.apache.catalina.core.StandardContext.reload Reloading Context with name [/pms] is completed
07-Mar-2019 12:10:49.513 INFO [http-nio-8080-exec-434] org.apache.catalina.core.StandardContext.reload Reloading Context with name [/pms] has started
07-Mar-2019 12:10:49.520 WARNING [http-nio-8080-exec-434] org.apache.catalina.loader.WebappClassLoaderBase.clearReferencesThreads The web application [pms] appears to have started a thread named [Abandoned connection cleanup thread] but has failed to stop it. This is very likely to create a memory leak. Stack trace of thread:
 java.lang.Object.wait(Native Method)
 java.lang.ref.ReferenceQueue.remove(ReferenceQueue.java:143)
 com.mysql.jdbc.AbandonedConnectionCleanupThread.run(AbandonedConnectionCleanupThread.java:41)
07-Mar-2019 12:10:49.573 INFO [http-nio-8080-exec-434] org.apache.catalina.core.StandardContext.reload Reloading Context with name [/pms] is completed
07-Mar-2019 12:12:10.689 INFO [http-nio-8080-exec-439] org.apache.catalina.core.StandardContext.reload Reloading Context with name [/pms] has started
07-Mar-2019 12:12:10.763 INFO [http-nio-8080-exec-439] org.apache.catalina.core.StandardContext.reload Reloading Context with name [/pms] is completed
07-Mar-2019 12:12:11.362 INFO [http-nio-8080-exec-431] org.apache.catalina.core.StandardContext.reload Reloading Context with name [/pms] has started
07-Mar-2019 12:12:11.428 INFO [http-nio-8080-exec-431] org.apache.catalina.core.StandardContext.reload Reloading Context with name [/pms] is completed
07-Mar-2019 12:12:50.403 INFO [http-nio-8080-exec-442] org.apache.catalina.core.StandardContext.reload Reloading Context with name [/pms] has started
07-Mar-2019 12:12:50.484 INFO [http-nio-8080-exec-442] org.apache.catalina.core.StandardContext.reload Reloading Context with name [/pms] is completed
07-Mar-2019 12:16:10.028 INFO [http-nio-8080-exec-447] org.apache.catalina.core.StandardContext.reload Reloading Context with name [/pms] has started
07-Mar-2019 12:16:10.110 INFO [http-nio-8080-exec-447] org.apache.catalina.core.StandardContext.reload Reloading Context with name [/pms] is completed
07-Mar-2019 12:18:41.714 INFO [http-nio-8080-exec-445] org.apache.catalina.core.StandardContext.reload Reloading Context with name [/pms] has started
07-Mar-2019 12:18:41.794 INFO [http-nio-8080-exec-445] org.apache.catalina.core.StandardContext.reload Reloading Context with name [/pms] is completed
07-Mar-2019 12:19:13.636 INFO [http-nio-8080-exec-450] org.apache.catalina.core.StandardContext.reload Reloading Context with name [/pms] has started
07-Mar-2019 12:19:13.712 INFO [http-nio-8080-exec-450] org.apache.catalina.core.StandardContext.reload Reloading Context with name [/pms] is completed
07-Mar-2019 12:19:24.885 INFO [http-nio-8080-exec-431] org.apache.catalina.core.StandardContext.reload Reloading Context with name [/pms] has started
07-Mar-2019 12:19:24.941 INFO [http-nio-8080-exec-431] org.apache.catalina.core.StandardContext.reload Reloading Context with name [/pms] is completed
07-Mar-2019 12:38:42.038 INFO [http-nio-8080-exec-459] org.apache.catalina.core.StandardContext.reload Reloading Context with name [/pms] has started
07-Mar-2019 12:38:42.120 INFO [http-nio-8080-exec-459] org.apache.catalina.core.StandardContext.reload Reloading Context with name [/pms] is completed
07-Mar-2019 12:40:12.496 INFO [http-nio-8080-exec-462] org.apache.catalina.core.StandardContext.reload Reloading Context with name [/pms] has started
07-Mar-2019 12:40:12.569 INFO [http-nio-8080-exec-462] org.apache.catalina.core.StandardContext.reload Reloading Context with name [/pms] is completed
07-Mar-2019 12:46:51.174 INFO [http-nio-8080-exec-476] org.apache.catalina.core.StandardContext.reload Reloading Context with name [/pms] has started
07-Mar-2019 12:46:51.181 WARNING [http-nio-8080-exec-476] org.apache.catalina.loader.WebappClassLoaderBase.clearReferencesJdbc The web application [pms] registered the JDBC driver [com.mysql.jdbc.Driver] but failed to unregister it when the web application was stopped. To prevent a memory leak, the JDBC Driver has been forcibly unregistered.
07-Mar-2019 12:46:51.255 INFO [http-nio-8080-exec-476] org.apache.catalina.core.StandardContext.reload Reloading Context with name [/pms] is completed
07-Mar-2019 12:47:44.829 INFO [http-nio-8080-exec-480] org.apache.catalina.core.StandardContext.reload Reloading Context with name [/pms] has started
07-Mar-2019 12:47:44.832 WARNING [http-nio-8080-exec-480] org.apache.catalina.loader.WebappClassLoaderBase.clearReferencesJdbc The web application [pms] registered the JDBC driver [com.mysql.jdbc.Driver] but failed to unregister it when the web application was stopped. To prevent a memory leak, the JDBC Driver has been forcibly unregistered.
07-Mar-2019 12:47:44.895 INFO [http-nio-8080-exec-480] org.apache.catalina.core.StandardContext.reload Reloading Context with name [/pms] is completed
07-Mar-2019 12:48:51.221 INFO [http-nio-8080-exec-483] org.apache.catalina.core.StandardContext.reload Reloading Context with name [/pms] has started
07-Mar-2019 12:48:51.226 WARNING [http-nio-8080-exec-483] org.apache.catalina.loader.WebappClassLoaderBase.clearReferencesJdbc The web application [pms] registered the JDBC driver [com.mysql.jdbc.Driver] but failed to unregister it when the web application was stopped. To prevent a memory leak, the JDBC Driver has been forcibly unregistered.
07-Mar-2019 12:48:51.303 INFO [http-nio-8080-exec-483] org.apache.catalina.core.StandardContext.reload Reloading Context with name [/pms] is completed
07-Mar-2019 14:34:32.272 INFO [http-nio-8080-exec-494] org.apache.catalina.core.StandardContext.reload Reloading Context with name [/pms] has started
07-Mar-2019 14:34:32.274 WARNING [http-nio-8080-exec-494] org.apache.catalina.loader.WebappClassLoaderBase.clearReferencesJdbc The web application [pms] registered the JDBC driver [com.mysql.jdbc.Driver] but failed to unregister it when the web application was stopped. To prevent a memory leak, the JDBC Driver has been forcibly unregistered.
07-Mar-2019 14:34:32.343 INFO [http-nio-8080-exec-494] org.apache.catalina.core.StandardContext.reload Reloading Context with name [/pms] is completed
07-Mar-2019 14:44:29.509 INFO [http-nio-8080-exec-500] org.apache.catalina.core.StandardContext.reload Reloading Context with name [/pms] has started
07-Mar-2019 14:44:29.517 WARNING [http-nio-8080-exec-500] org.apache.catalina.loader.WebappClassLoaderBase.clearReferencesThreads The web application [pms] appears to have started a thread named [Abandoned connection cleanup thread] but has failed to stop it. This is very likely to create a memory leak. Stack trace of thread:
 java.lang.Object.wait(Native Method)
 java.lang.ref.ReferenceQueue.remove(ReferenceQueue.java:143)
 com.mysql.jdbc.AbandonedConnectionCleanupThread.run(AbandonedConnectionCleanupThread.java:41)
07-Mar-2019 14:44:29.584 INFO [http-nio-8080-exec-500] org.apache.catalina.core.StandardContext.reload Reloading Context with name [/pms] is completed
07-Mar-2019 14:46:36.901 INFO [http-nio-8080-exec-509] org.apache.catalina.core.StandardContext.reload Reloading Context with name [/pms] has started
07-Mar-2019 14:46:36.975 INFO [http-nio-8080-exec-509] org.apache.catalina.core.StandardContext.reload Reloading Context with name [/pms] is completed
07-Mar-2019 14:49:49.542 INFO [http-nio-8080-exec-513] org.apache.catalina.core.StandardContext.reload Reloading Context with name [/pms] has started
07-Mar-2019 14:49:49.634 INFO [http-nio-8080-exec-513] org.apache.catalina.core.StandardContext.reload Reloading Context with name [/pms] is completed
07-Mar-2019 14:51:06.354 INFO [http-nio-8080-exec-498] org.apache.catalina.core.StandardContext.reload Reloading Context with name [/pms] has started
07-Mar-2019 14:51:06.438 INFO [http-nio-8080-exec-498] org.apache.catalina.core.StandardContext.reload Reloading Context with name [/pms] is completed
07-Mar-2019 14:53:54.400 INFO [http-nio-8080-exec-513] org.apache.catalina.core.StandardContext.reload Reloading Context with name [/pms] has started
07-Mar-2019 14:53:54.499 INFO [http-nio-8080-exec-513] org.apache.catalina.core.StandardContext.reload Reloading Context with name [/pms] is completed
07-Mar-2019 14:54:03.828 INFO [http-nio-8080-exec-511] org.apache.catalina.core.StandardContext.reload Reloading Context with name [/pms] has started
07-Mar-2019 14:54:03.903 INFO [http-nio-8080-exec-511] org.apache.catalina.core.StandardContext.reload Reloading Context with name [/pms] is completed
07-Mar-2019 14:54:22.986 INFO [http-nio-8080-exec-513] org.apache.catalina.core.StandardContext.reload Reloading Context with name [/pms] has started
07-Mar-2019 14:54:23.068 INFO [http-nio-8080-exec-513] org.apache.catalina.core.StandardContext.reload Reloading Context with name [/pms] is completed
07-Mar-2019 14:54:42.316 INFO [http-nio-8080-exec-520] org.apache.catalina.core.StandardContext.reload Reloading Context with name [/pms] has started
07-Mar-2019 14:54:42.399 INFO [http-nio-8080-exec-520] org.apache.catalina.core.StandardContext.reload Reloading Context with name [/pms] is completed
07-Mar-2019 14:55:23.291 INFO [http-nio-8080-exec-513] org.apache.catalina.core.StandardContext.reload Reloading Context with name [/pms] has started
07-Mar-2019 14:55:23.369 INFO [http-nio-8080-exec-513] org.apache.catalina.core.StandardContext.reload Reloading Context with name [/pms] is completed
07-Mar-2019 14:55:37.991 INFO [http-nio-8080-exec-516] org.apache.catalina.core.StandardContext.reload Reloading Context with name [/pms] has started
07-Mar-2019 14:55:38.081 INFO [http-nio-8080-exec-516] org.apache.catalina.core.StandardContext.reload Reloading Context with name [/pms] is completed
07-Mar-2019 14:55:51.779 INFO [http-nio-8080-exec-520] org.apache.catalina.core.StandardContext.reload Reloading Context with name [/pms] has started
07-Mar-2019 14:55:51.860 INFO [http-nio-8080-exec-520] org.apache.catalina.core.StandardContext.reload Reloading Context with name [/pms] is completed
07-Mar-2019 14:56:03.986 INFO [http-nio-8080-exec-513] org.apache.catalina.core.StandardContext.reload Reloading Context with name [/pms] has started
07-Mar-2019 14:56:04.066 INFO [http-nio-8080-exec-513] org.apache.catalina.core.StandardContext.reload Reloading Context with name [/pms] is completed
07-Mar-2019 14:56:45.991 INFO [http-nio-8080-exec-525] org.apache.catalina.core.StandardContext.reload Reloading Context with name [/pms] has started
07-Mar-2019 14:56:45.999 WARNING [http-nio-8080-exec-525] org.apache.catalina.loader.WebappClassLoaderBase.clearReferencesThreads The web application [pms] appears to have started a thread named [Abandoned connection cleanup thread] but has failed to stop it. This is very likely to create a memory leak. Stack trace of thread:
 java.lang.Object.wait(Native Method)
 java.lang.ref.ReferenceQueue.remove(ReferenceQueue.java:143)
 com.mysql.jdbc.AbandonedConnectionCleanupThread.run(AbandonedConnectionCleanupThread.java:41)
07-Mar-2019 14:56:46.067 INFO [http-nio-8080-exec-525] org.apache.catalina.core.StandardContext.reload Reloading Context with name [/pms] is completed
07-Mar-2019 14:56:58.198 INFO [http-nio-8080-exec-504] org.apache.catalina.core.StandardContext.reload Reloading Context with name [/pms] has started
07-Mar-2019 14:56:58.280 INFO [http-nio-8080-exec-504] org.apache.catalina.core.StandardContext.reload Reloading Context with name [/pms] is completed
07-Mar-2019 14:57:53.411 INFO [http-nio-8080-exec-517] org.apache.catalina.core.StandardContext.reload Reloading Context with name [/pms] has started
07-Mar-2019 14:57:53.492 INFO [http-nio-8080-exec-517] org.apache.catalina.core.StandardContext.reload Reloading Context with name [/pms] is completed
07-Mar-2019 14:58:01.913 INFO [http-nio-8080-exec-513] org.apache.catalina.core.StandardContext.reload Reloading Context with name [/pms] has started
07-Mar-2019 14:58:01.988 INFO [http-nio-8080-exec-513] org.apache.catalina.core.StandardContext.reload Reloading Context with name [/pms] is completed
07-Mar-2019 15:00:16.850 INFO [http-nio-8080-exec-532] org.apache.catalina.core.StandardContext.reload Reloading Context with name [/pms] has started
07-Mar-2019 15:00:16.931 INFO [http-nio-8080-exec-532] org.apache.catalina.core.StandardContext.reload Reloading Context with name [/pms] is completed
07-Mar-2019 15:00:46.352 INFO [http-nio-8080-exec-524] org.apache.catalina.core.StandardContext.reload Reloading Context with name [/pms] has started
07-Mar-2019 15:00:46.366 WARNING [http-nio-8080-exec-524] org.apache.catalina.loader.WebappClassLoaderBase.clearReferencesThreads The web application [pms] appears to have started a thread named [Abandoned connection cleanup thread] but has failed to stop it. This is very likely to create a memory leak. Stack trace of thread:
 java.lang.Object.wait(Native Method)
 java.lang.ref.ReferenceQueue.remove(ReferenceQueue.java:143)
 com.mysql.jdbc.AbandonedConnectionCleanupThread.run(AbandonedConnectionCleanupThread.java:41)
07-Mar-2019 15:00:46.452 INFO [http-nio-8080-exec-524] org.apache.catalina.core.StandardContext.reload Reloading Context with name [/pms] is completed
07-Mar-2019 15:01:03.296 INFO [http-nio-8080-exec-515] org.apache.catalina.core.StandardContext.reload Reloading Context with name [/pms] has started
07-Mar-2019 15:01:03.382 INFO [http-nio-8080-exec-515] org.apache.catalina.core.StandardContext.reload Reloading Context with name [/pms] is completed
07-Mar-2019 15:02:26.502 INFO [http-nio-8080-exec-517] org.apache.catalina.core.StandardContext.reload Reloading Context with name [/pms] has started
07-Mar-2019 15:02:26.574 INFO [http-nio-8080-exec-517] org.apache.catalina.core.StandardContext.reload Reloading Context with name [/pms] is completed
07-Mar-2019 15:06:08.326 INFO [http-nio-8080-exec-545] org.apache.catalina.core.StandardContext.reload Reloading Context with name [/pms] has started
07-Mar-2019 15:06:08.404 INFO [http-nio-8080-exec-545] org.apache.catalina.core.StandardContext.reload Reloading Context with name [/pms] is completed
07-Mar-2019 15:06:30.425 INFO [http-nio-8080-exec-543] org.apache.catalina.core.StandardContext.reload Reloading Context with name [/pms] has started
07-Mar-2019 15:06:30.509 INFO [http-nio-8080-exec-543] org.apache.catalina.core.StandardContext.reload Reloading Context with name [/pms] is completed
07-Mar-2019 15:09:02.565 INFO [http-nio-8080-exec-550] org.apache.catalina.core.StandardContext.reload Reloading Context with name [/pms] has started
07-Mar-2019 15:09:02.654 INFO [http-nio-8080-exec-550] org.apache.catalina.core.StandardContext.reload Reloading Context with name [/pms] is completed
07-Mar-2019 15:10:12.243 INFO [http-nio-8080-exec-544] org.apache.catalina.core.StandardContext.reload Reloading Context with name [/pms] has started
07-Mar-2019 15:10:12.336 INFO [http-nio-8080-exec-544] org.apache.catalina.core.StandardContext.reload Reloading Context with name [/pms] is completed
07-Mar-2019 15:10:12.760 INFO [http-nio-8080-exec-554] org.apache.catalina.core.StandardContext.reload Reloading Context with name [/pms] has started
07-Mar-2019 15:10:12.846 INFO [http-nio-8080-exec-554] org.apache.catalina.core.StandardContext.reload Reloading Context with name [/pms] is completed
07-Mar-2019 15:10:43.245 INFO [http-nio-8080-exec-556] org.apache.catalina.core.StandardContext.reload Reloading Context with name [/pms] has started
07-Mar-2019 15:10:43.319 INFO [http-nio-8080-exec-556] org.apache.catalina.core.StandardContext.reload Reloading Context with name [/pms] is completed
07-Mar-2019 15:13:09.365 INFO [http-nio-8080-exec-558] org.apache.catalina.core.StandardContext.reload Reloading Context with name [/pms] has started
07-Mar-2019 15:13:09.445 INFO [http-nio-8080-exec-558] org.apache.catalina.core.StandardContext.reload Reloading Context with name [/pms] is completed
07-Mar-2019 15:13:50.142 INFO [http-nio-8080-exec-539] org.apache.catalina.core.StandardContext.reload Reloading Context with name [/pms] has started
07-Mar-2019 15:13:50.222 INFO [http-nio-8080-exec-539] org.apache.catalina.core.StandardContext.reload Reloading Context with name [/pms] is completed
07-Mar-2019 15:15:14.637 INFO [http-nio-8080-exec-563] org.apache.catalina.core.StandardContext.reload Reloading Context with name [/pms] has started
07-Mar-2019 15:15:14.712 INFO [http-nio-8080-exec-563] org.apache.catalina.core.StandardContext.reload Reloading Context with name [/pms] is completed
07-Mar-2019 15:15:24.447 INFO [http-nio-8080-exec-539] org.apache.catalina.core.StandardContext.reload Reloading Context with name [/pms] has started
07-Mar-2019 15:15:24.514 INFO [http-nio-8080-exec-539] org.apache.catalina.core.StandardContext.reload Reloading Context with name [/pms] is completed
07-Mar-2019 15:16:16.572 INFO [http-nio-8080-exec-549] org.apache.catalina.core.StandardContext.reload Reloading Context with name [/pms] has started
07-Mar-2019 15:16:16.578 WARNING [http-nio-8080-exec-549] org.apache.catalina.loader.WebappClassLoaderBase.clearReferencesJdbc The web application [pms] registered the JDBC driver [com.mysql.jdbc.Driver] but failed to unregister it when the web application was stopped. To prevent a memory leak, the JDBC Driver has been forcibly unregistered.
07-Mar-2019 15:16:16.658 INFO [http-nio-8080-exec-549] org.apache.catalina.core.StandardContext.reload Reloading Context with name [/pms] is completed
07-Mar-2019 15:17:56.109 INFO [http-nio-8080-exec-573] org.apache.catalina.core.StandardContext.reload Reloading Context with name [/pms] has started
07-Mar-2019 15:17:56.114 WARNING [http-nio-8080-exec-573] org.apache.catalina.loader.WebappClassLoaderBase.clearReferencesJdbc The web application [pms] registered the JDBC driver [com.mysql.jdbc.Driver] but failed to unregister it when the web application was stopped. To prevent a memory leak, the JDBC Driver has been forcibly unregistered.
07-Mar-2019 15:17:56.184 INFO [http-nio-8080-exec-573] org.apache.catalina.core.StandardContext.reload Reloading Context with name [/pms] is completed
07-Mar-2019 15:19:58.733 INFO [http-nio-8080-exec-581] org.apache.catalina.core.StandardContext.reload Reloading Context with name [/pms] has started
07-Mar-2019 15:19:58.739 WARNING [http-nio-8080-exec-581] org.apache.catalina.loader.WebappClassLoaderBase.clearReferencesJdbc The web application [pms] registered the JDBC driver [com.mysql.jdbc.Driver] but failed to unregister it when the web application was stopped. To prevent a memory leak, the JDBC Driver has been forcibly unregistered.
07-Mar-2019 15:19:58.821 INFO [http-nio-8080-exec-581] org.apache.catalina.core.StandardContext.reload Reloading Context with name [/pms] is completed
07-Mar-2019 15:20:10.848 INFO [http-nio-8080-exec-574] org.apache.catalina.core.StandardContext.reload Reloading Context with name [/pms] has started
07-Mar-2019 15:20:10.938 INFO [http-nio-8080-exec-574] org.apache.catalina.core.StandardContext.reload Reloading Context with name [/pms] is completed
07-Mar-2019 15:20:33.545 INFO [http-nio-8080-exec-583] org.apache.catalina.core.StandardContext.reload Reloading Context with name [/pms] has started
07-Mar-2019 15:20:33.626 INFO [http-nio-8080-exec-583] org.apache.catalina.core.StandardContext.reload Reloading Context with name [/pms] is completed
07-Mar-2019 15:37:25.461 INFO [http-nio-8080-exec-592] org.apache.catalina.core.StandardContext.reload Reloading Context with name [/pms] has started
07-Mar-2019 15:37:25.464 WARNING [http-nio-8080-exec-592] org.apache.catalina.loader.WebappClassLoaderBase.clearReferencesJdbc The web application [pms] registered the JDBC driver [com.mysql.jdbc.Driver] but failed to unregister it when the web application was stopped. To prevent a memory leak, the JDBC Driver has been forcibly unregistered.
07-Mar-2019 15:37:25.537 INFO [http-nio-8080-exec-592] org.apache.catalina.core.StandardContext.reload Reloading Context with name [/pms] is completed
07-Mar-2019 15:38:27.449 INFO [http-nio-8080-exec-587] org.apache.catalina.core.StandardContext.reload Reloading Context with name [/pms] has started
07-Mar-2019 15:38:27.526 INFO [http-nio-8080-exec-587] org.apache.catalina.core.StandardContext.reload Reloading Context with name [/pms] is completed
07-Mar-2019 15:40:10.579 INFO [http-nio-8080-exec-598] org.apache.catalina.core.StandardContext.reload Reloading Context with name [/pms] has started
07-Mar-2019 15:40:10.672 INFO [http-nio-8080-exec-598] org.apache.catalina.core.StandardContext.reload Reloading Context with name [/pms] is completed
07-Mar-2019 15:43:43.971 INFO [http-nio-8080-exec-605] org.apache.catalina.core.StandardContext.reload Reloading Context with name [/pms] has started
07-Mar-2019 15:43:44.058 INFO [http-nio-8080-exec-605] org.apache.catalina.core.StandardContext.reload Reloading Context with name [/pms] is completed
07-Mar-2019 15:47:18.608 INFO [http-nio-8080-exec-609] org.apache.catalina.core.StandardContext.reload Reloading Context with name [/pms] has started
07-Mar-2019 15:47:18.695 INFO [http-nio-8080-exec-609] org.apache.catalina.core.StandardContext.reload Reloading Context with name [/pms] is completed
07-Mar-2019 15:48:10.413 INFO [http-nio-8080-exec-596] org.apache.catalina.core.StandardContext.reload Reloading Context with name [/pms] has started
07-Mar-2019 15:48:10.497 INFO [http-nio-8080-exec-596] org.apache.catalina.core.StandardContext.reload Reloading Context with name [/pms] is completed
07-Mar-2019 15:48:50.814 INFO [http-nio-8080-exec-612] org.apache.catalina.core.StandardContext.reload Reloading Context with name [/pms] has started
07-Mar-2019 15:48:50.885 INFO [http-nio-8080-exec-612] org.apache.catalina.core.StandardContext.reload Reloading Context with name [/pms] is completed
07-Mar-2019 15:50:18.655 INFO [http-nio-8080-exec-619] org.apache.catalina.core.StandardContext.reload Reloading Context with name [/pms] has started
07-Mar-2019 15:50:18.737 INFO [http-nio-8080-exec-619] org.apache.catalina.core.StandardContext.reload Reloading Context with name [/pms] is completed
07-Mar-2019 15:51:17.166 INFO [http-nio-8080-exec-624] org.apache.catalina.core.StandardContext.reload Reloading Context with name [/pms] has started
07-Mar-2019 15:51:17.172 WARNING [http-nio-8080-exec-624] org.apache.catalina.loader.WebappClassLoaderBase.clearReferencesJdbc The web application [pms] registered the JDBC driver [com.mysql.jdbc.Driver] but failed to unregister it when the web application was stopped. To prevent a memory leak, the JDBC Driver has been forcibly unregistered.
07-Mar-2019 15:51:17.251 INFO [http-nio-8080-exec-624] org.apache.catalina.core.StandardContext.reload Reloading Context with name [/pms] is completed
07-Mar-2019 16:05:28.812 INFO [http-nio-8080-exec-634] org.apache.catalina.core.StandardContext.reload Reloading Context with name [/pms] has started
07-Mar-2019 16:05:28.818 WARNING [http-nio-8080-exec-634] org.apache.catalina.loader.WebappClassLoaderBase.clearReferencesJdbc The web application [pms] registered the JDBC driver [com.mysql.jdbc.Driver] but failed to unregister it when the web application was stopped. To prevent a memory leak, the JDBC Driver has been forcibly unregistered.
07-Mar-2019 16:05:28.908 INFO [http-nio-8080-exec-634] org.apache.catalina.core.StandardContext.reload Reloading Context with name [/pms] is completed
07-Mar-2019 16:06:54.508 INFO [http-nio-8080-exec-648] org.apache.catalina.core.StandardContext.reload Reloading Context with name [/pms] has started
07-Mar-2019 16:06:54.513 WARNING [http-nio-8080-exec-648] org.apache.catalina.loader.WebappClassLoaderBase.clearReferencesJdbc The web application [pms] registered the JDBC driver [com.mysql.jdbc.Driver] but failed to unregister it when the web application was stopped. To prevent a memory leak, the JDBC Driver has been forcibly unregistered.
07-Mar-2019 16:06:54.589 INFO [http-nio-8080-exec-648] org.apache.catalina.core.StandardContext.reload Reloading Context with name [/pms] is completed
07-Mar-2019 16:08:23.826 INFO [http-nio-8080-exec-651] org.apache.catalina.core.StandardContext.reload Reloading Context with name [/pms] has started
07-Mar-2019 16:08:23.832 WARNING [http-nio-8080-exec-651] org.apache.catalina.loader.WebappClassLoaderBase.clearReferencesJdbc The web application [pms] registered the JDBC driver [com.mysql.jdbc.Driver] but failed to unregister it when the web application was stopped. To prevent a memory leak, the JDBC Driver has been forcibly unregistered.
07-Mar-2019 16:08:23.915 INFO [http-nio-8080-exec-651] org.apache.catalina.core.StandardContext.reload Reloading Context with name [/pms] is completed
07-Mar-2019 16:09:00.034 INFO [http-nio-8080-exec-632] org.apache.catalina.core.StandardContext.reload Reloading Context with name [/pms] has started
07-Mar-2019 16:09:00.110 INFO [http-nio-8080-exec-632] org.apache.catalina.core.StandardContext.reload Reloading Context with name [/pms] is completed
07-Mar-2019 16:09:43.634 INFO [http-nio-8080-exec-654] org.apache.catalina.core.StandardContext.reload Reloading Context with name [/pms] has started
07-Mar-2019 16:09:43.730 INFO [http-nio-8080-exec-654] org.apache.catalina.core.StandardContext.reload Reloading Context with name [/pms] is completed
07-Mar-2019 16:11:37.890 INFO [http-nio-8080-exec-655] org.apache.catalina.core.StandardContext.reload Reloading Context with name [/pms] has started
07-Mar-2019 16:11:37.971 INFO [http-nio-8080-exec-655] org.apache.catalina.core.StandardContext.reload Reloading Context with name [/pms] is completed
07-Mar-2019 16:12:41.860 INFO [http-nio-8080-exec-652] org.apache.catalina.core.StandardContext.reload Reloading Context with name [/pms] has started
07-Mar-2019 16:12:41.950 INFO [http-nio-8080-exec-652] org.apache.catalina.core.StandardContext.reload Reloading Context with name [/pms] is completed
07-Mar-2019 16:13:48.301 INFO [http-nio-8080-exec-665] org.apache.catalina.core.StandardContext.reload Reloading Context with name [/pms] has started
07-Mar-2019 16:13:48.307 WARNING [http-nio-8080-exec-665] org.apache.catalina.loader.WebappClassLoaderBase.clearReferencesJdbc The web application [pms] registered the JDBC driver [com.mysql.jdbc.Driver] but failed to unregister it when the web application was stopped. To prevent a memory leak, the JDBC Driver has been forcibly unregistered.
07-Mar-2019 16:13:48.381 INFO [http-nio-8080-exec-665] org.apache.catalina.core.StandardContext.reload Reloading Context with name [/pms] is completed
07-Mar-2019 16:15:41.321 INFO [http-nio-8080-exec-668] org.apache.catalina.core.StandardContext.reload Reloading Context with name [/pms] has started
07-Mar-2019 16:15:41.400 INFO [http-nio-8080-exec-668] org.apache.catalina.core.StandardContext.reload Reloading Context with name [/pms] is completed
07-Mar-2019 16:19:39.430 INFO [http-nio-8080-exec-674] org.apache.catalina.core.StandardContext.reload Reloading Context with name [/pms] has started
07-Mar-2019 16:19:39.506 INFO [http-nio-8080-exec-674] org.apache.catalina.core.StandardContext.reload Reloading Context with name [/pms] is completed
07-Mar-2019 16:27:01.539 INFO [http-nio-8080-exec-676] org.apache.catalina.core.StandardContext.reload Reloading Context with name [/pms] has started
07-Mar-2019 16:27:01.622 INFO [http-nio-8080-exec-676] org.apache.catalina.core.StandardContext.reload Reloading Context with name [/pms] is completed
07-Mar-2019 16:27:24.541 INFO [http-nio-8080-exec-683] org.apache.catalina.core.StandardContext.reload Reloading Context with name [/pms] has started
07-Mar-2019 16:27:24.615 INFO [http-nio-8080-exec-683] org.apache.catalina.core.StandardContext.reload Reloading Context with name [/pms] is completed
07-Mar-2019 16:29:11.213 INFO [http-nio-8080-exec-695] org.apache.catalina.core.StandardContext.reload Reloading Context with name [/pms] has started
07-Mar-2019 16:29:11.219 WARNING [http-nio-8080-exec-695] org.apache.catalina.loader.WebappClassLoaderBase.clearReferencesJdbc The web application [pms] registered the JDBC driver [com.mysql.jdbc.Driver] but failed to unregister it when the web application was stopped. To prevent a memory leak, the JDBC Driver has been forcibly unregistered.
07-Mar-2019 16:29:11.294 INFO [http-nio-8080-exec-695] org.apache.catalina.core.StandardContext.reload Reloading Context with name [/pms] is completed
07-Mar-2019 16:29:41.474 INFO [http-nio-8080-exec-688] org.apache.catalina.core.StandardContext.reload Reloading Context with name [/pms] has started
07-Mar-2019 16:29:41.556 INFO [http-nio-8080-exec-688] org.apache.catalina.core.StandardContext.reload Reloading Context with name [/pms] is completed
07-Mar-2019 16:30:17.033 INFO [http-nio-8080-exec-696] org.apache.catalina.core.StandardContext.reload Reloading Context with name [/pms] has started
07-Mar-2019 16:30:17.123 INFO [http-nio-8080-exec-696] org.apache.catalina.core.StandardContext.reload Reloading Context with name [/pms] is completed
